2018-06-07 15:08:16,127 [ 1] INFO  PhotonHostRuntime.PhotonDomainManager - Initialize: ApplicationName = 'DefaultDomain', DomainID = '1'
2018-06-07 15:08:16,156 [ 1] INFO  PhotonHostRuntime.PhotonDomainManager - AppDomains with unhandled exceptions are usually not unloaded and restarted.
2018-06-07 15:08:16,163 [ 1] INFO  PhotonHostRuntime.PhotonDomainManager - Getting license information:
2018-06-07 15:08:16,880 [ 1] INFO  PhotonHostRuntime.PhotonLicensing - LICENSE: No license file was found - starting with Bootstrap License.
2018-06-07 15:08:16,888 [ 1] INFO  PhotonHostRuntime.PhotonLicensing - LICENSE: Expiration: never; floating license: no; max connections: 20; valid IPs: any
2018-06-07 15:08:18,041 [ 1] INFO  PhotonHostRuntime.PhotonDomainManager - CreateAppDomain: name = 'Master' , assemblyName = 'Photon.LoadBalancing'
2018-06-07 15:08:18,048 [ 1] INFO  PhotonHostRuntime.PhotonDomainManager -   ApplicationBase = 'D:\Photon\Photon-OnPremise-Server-SDK_v4-0-29-11263\deploy'
2018-06-07 15:08:18,055 [ 1] INFO  PhotonHostRuntime.PhotonDomainManager -   PrivateBinPath = 'D:\Photon\Photon-OnPremise-Server-SDK_v4-0-29-11263\deploy\LoadBalancing\Master\bin;bin_Win64;Shared;'
2018-06-07 15:08:18,060 [ 1] INFO  PhotonHostRuntime.PhotonDomainManager -   ConfigurationFile = 'D:\Photon\Photon-OnPremise-Server-SDK_v4-0-29-11263\deploy\LoadBalancing\Master\bin\Photon.LoadBalancing.dll.config'
2018-06-07 15:08:18,068 [ 1] INFO  PhotonHostRuntime.PhotonDomainManager -   CachePath = 'D:\Photon\Photon-OnPremise-Server-SDK_v4-0-29-11263\deploy\LoadBalancing\Master\bin\Cache'
2018-06-07 15:08:18,240 [ 1] INFO  PhotonHostRuntime.PhotonDomainManager -   ApplicationPath = 'D:\Photon\Photon-OnPremise-Server-SDK_v4-0-29-11263\deploy\LoadBalancing\Master'
2018-06-07 15:08:18,247 [ 1] INFO  PhotonHostRuntime.PhotonDomainManager -   BinaryPath = 'D:\Photon\Photon-OnPremise-Server-SDK_v4-0-29-11263\deploy\LoadBalancing\Master\bin'
2018-06-07 15:08:18,255 [ 1] INFO  PhotonHostRuntime.PhotonDomainManager -   ApplicationRootPath = 'D:\Photon\Photon-OnPremise-Server-SDK_v4-0-29-11263\deploy'
2018-06-07 15:08:18,260 [ 1] INFO  PhotonHostRuntime.PhotonDomainManager -   UnmanagedLogPath = 'D:\Photon\Photon-OnPremise-Server-SDK_v4-0-29-11263\deploy\bin_Win64\log'
2018-06-07 15:08:18,332 [ 1] INFO  PhotonHostRuntime.PhotonDomainManager - AssemblyLoadEvent: Photon.LoadBalancing, Version=4.0.28.11221, Culture=neutral, PublicKeyToken=null from file:///D:/Photon/Photon-OnPremise-Server-SDK_v4-0-29-11263/deploy/LoadBalancing/Master/bin/Photon.LoadBalancing.DLL
2018-06-07 15:08:18,340 [ 1] INFO  PhotonHostRuntime.PhotonDomainManager - Photon SDK:4.0.28.11245
2018-06-07 15:08:18,404 [ 1] INFO  PhotonHostRuntime.PhotonDomainManager - AssemblyLoadEvent: Photon.SocketServer, Version=4.0.28.11245, Culture=neutral, PublicKeyToken=48c2fa3b6988090e from file:///D:/Photon/Photon-OnPremise-Server-SDK_v4-0-29-11263/deploy/LoadBalancing/Master/bin/Photon.SocketServer.DLL
2018-06-07 15:08:18,463 [ 1] INFO  PhotonHostRuntime.PhotonDomainManager - AssemblyLoadEvent: ExitGamesLibs, Version=1.0.4.0, Culture=neutral, PublicKeyToken=eac0edd9746a4aa0 from file:///D:/Photon/Photon-OnPremise-Server-SDK_v4-0-29-11263/deploy/LoadBalancing/Master/bin/ExitGamesLibs.DLL
2018-06-07 15:08:18,511 [ 1] INFO  PhotonHostRuntime.PhotonDomainManager - Starting: name = 'Master', assemblyName = 'Photon.LoadBalancing', typeName = 'Photon.LoadBalancing.MasterServer.MasterApplication'
2018-06-07 15:08:18,523 [ 1] INFO  PhotonHostRuntime.PhotonDomainManager - CreateAppDomain: name = 'Game' , assemblyName = 'Photon.LoadBalancing'
2018-06-07 15:08:18,529 [ 1] INFO  PhotonHostRuntime.PhotonDomainManager -   ApplicationBase = 'D:\Photon\Photon-OnPremise-Server-SDK_v4-0-29-11263\deploy'
2018-06-07 15:08:18,537 [ 1] INFO  PhotonHostRuntime.PhotonDomainManager -   PrivateBinPath = 'D:\Photon\Photon-OnPremise-Server-SDK_v4-0-29-11263\deploy\LoadBalancing\GameServer\bin;bin_Win64;Shared;'
2018-06-07 15:08:18,544 [ 1] INFO  PhotonHostRuntime.PhotonDomainManager -   ConfigurationFile = 'D:\Photon\Photon-OnPremise-Server-SDK_v4-0-29-11263\deploy\LoadBalancing\GameServer\bin\Photon.LoadBalancing.dll.config'
2018-06-07 15:08:18,554 [ 1] INFO  PhotonHostRuntime.PhotonDomainManager -   CachePath = 'D:\Photon\Photon-OnPremise-Server-SDK_v4-0-29-11263\deploy\LoadBalancing\GameServer\bin\Cache'
2018-06-07 15:08:18,721 [ 1] INFO  PhotonHostRuntime.PhotonDomainManager -   ApplicationPath = 'D:\Photon\Photon-OnPremise-Server-SDK_v4-0-29-11263\deploy\LoadBalancing\GameServer'
2018-06-07 15:08:18,726 [ 1] INFO  PhotonHostRuntime.PhotonDomainManager -   BinaryPath = 'D:\Photon\Photon-OnPremise-Server-SDK_v4-0-29-11263\deploy\LoadBalancing\GameServer\bin'
2018-06-07 15:08:18,734 [ 1] INFO  PhotonHostRuntime.PhotonDomainManager -   ApplicationRootPath = 'D:\Photon\Photon-OnPremise-Server-SDK_v4-0-29-11263\deploy'
2018-06-07 15:08:18,740 [ 1] INFO  PhotonHostRuntime.PhotonDomainManager -   UnmanagedLogPath = 'D:\Photon\Photon-OnPremise-Server-SDK_v4-0-29-11263\deploy\bin_Win64\log'
2018-06-07 15:08:18,803 [ 1] INFO  PhotonHostRuntime.PhotonDomainManager - AssemblyLoadEvent: Photon.LoadBalancing, Version=4.0.28.11221, Culture=neutral, PublicKeyToken=null from file:///D:/Photon/Photon-OnPremise-Server-SDK_v4-0-29-11263/deploy/LoadBalancing/GameServer/bin/Photon.LoadBalancing.DLL
2018-06-07 15:08:18,809 [ 1] INFO  PhotonHostRuntime.PhotonDomainManager - Photon SDK:4.0.28.11245
2018-06-07 15:08:18,877 [ 1] INFO  PhotonHostRuntime.PhotonDomainManager - AssemblyLoadEvent: Photon.SocketServer, Version=4.0.28.11245, Culture=neutral, PublicKeyToken=48c2fa3b6988090e from file:///D:/Photon/Photon-OnPremise-Server-SDK_v4-0-29-11263/deploy/LoadBalancing/GameServer/bin/Photon.SocketServer.DLL
2018-06-07 15:08:18,927 [ 1] INFO  PhotonHostRuntime.PhotonDomainManager - AssemblyLoadEvent: Photon.Common, Version=4.0.28.11221, Culture=neutral, PublicKeyToken=null from file:///D:/Photon/Photon-OnPremise-Server-SDK_v4-0-29-11263/deploy/LoadBalancing/GameServer/bin/Photon.Common.DLL
2018-06-07 15:08:18,978 [ 1] INFO  PhotonHostRuntime.PhotonDomainManager - AssemblyLoadEvent: ExitGamesLibs, Version=1.0.4.0, Culture=neutral, PublicKeyToken=eac0edd9746a4aa0 from file:///D:/Photon/Photon-OnPremise-Server-SDK_v4-0-29-11263/deploy/LoadBalancing/GameServer/bin/ExitGamesLibs.DLL
2018-06-07 15:08:19,032 [ 1] INFO  PhotonHostRuntime.PhotonDomainManager - AssemblyLoadEvent: PhotonHive, Version=4.0.28.11221, Culture=neutral, PublicKeyToken=null from file:///D:/Photon/Photon-OnPremise-Server-SDK_v4-0-29-11263/deploy/LoadBalancing/GameServer/bin/PhotonHive.DLL
2018-06-07 15:08:19,137 [ 1] INFO  PhotonHostRuntime.PhotonDomainManager - Starting: name = 'Game', assemblyName = 'Photon.LoadBalancing', typeName = 'Photon.LoadBalancing.GameServer.GameApplication'
2018-06-07 15:08:19,149 [ 1] INFO  PhotonHostRuntime.PhotonDomainManager - CreateAppDomain: name = 'CounterPublisher' , assemblyName = 'CounterPublisher'
2018-06-07 15:08:19,155 [ 1] INFO  PhotonHostRuntime.PhotonDomainManager -   ApplicationBase = 'D:\Photon\Photon-OnPremise-Server-SDK_v4-0-29-11263\deploy'
2018-06-07 15:08:19,170 [ 1] INFO  PhotonHostRuntime.PhotonDomainManager -   PrivateBinPath = 'D:\Photon\Photon-OnPremise-Server-SDK_v4-0-29-11263\deploy\CounterPublisher\bin;bin_Win64;Shared;'
2018-06-07 15:08:19,175 [ 1] INFO  PhotonHostRuntime.PhotonDomainManager -   ConfigurationFile = 'D:\Photon\Photon-OnPremise-Server-SDK_v4-0-29-11263\deploy\CounterPublisher\bin\CounterPublisher.dll.config'
2018-06-07 15:08:19,198 [ 1] INFO  PhotonHostRuntime.PhotonDomainManager -   CachePath = 'D:\Photon\Photon-OnPremise-Server-SDK_v4-0-29-11263\deploy\CounterPublisher\bin\Cache'
2018-06-07 15:08:19,446 [ 1] INFO  PhotonHostRuntime.PhotonDomainManager -   ApplicationPath = 'D:\Photon\Photon-OnPremise-Server-SDK_v4-0-29-11263\deploy\CounterPublisher'
2018-06-07 15:08:19,455 [ 1] INFO  PhotonHostRuntime.PhotonDomainManager -   BinaryPath = 'D:\Photon\Photon-OnPremise-Server-SDK_v4-0-29-11263\deploy\CounterPublisher\bin'
2018-06-07 15:08:19,460 [ 1] INFO  PhotonHostRuntime.PhotonDomainManager -   ApplicationRootPath = 'D:\Photon\Photon-OnPremise-Server-SDK_v4-0-29-11263\deploy'
2018-06-07 15:08:19,472 [ 1] INFO  PhotonHostRuntime.PhotonDomainManager -   UnmanagedLogPath = 'D:\Photon\Photon-OnPremise-Server-SDK_v4-0-29-11263\deploy\bin_Win64\log'
2018-06-07 15:08:19,541 [ 1] INFO  PhotonHostRuntime.PhotonDomainManager - AssemblyLoadEvent: CounterPublisher, Version=4.0.28.11221, Culture=neutral, PublicKeyToken=null from file:///D:/Photon/Photon-OnPremise-Server-SDK_v4-0-29-11263/deploy/CounterPublisher/bin/CounterPublisher.DLL
2018-06-07 15:08:19,548 [ 1] INFO  PhotonHostRuntime.PhotonDomainManager - Photon SDK:4.0.28.11245
2018-06-07 15:08:19,631 [ 1] INFO  PhotonHostRuntime.PhotonDomainManager - AssemblyLoadEvent: Photon.SocketServer, Version=4.0.28.11245, Culture=neutral, PublicKeyToken=48c2fa3b6988090e from file:///D:/Photon/Photon-OnPremise-Server-SDK_v4-0-29-11263/deploy/CounterPublisher/bin/Photon.SocketServer.DLL
2018-06-07 15:08:19,690 [ 1] INFO  PhotonHostRuntime.PhotonDomainManager - AssemblyLoadEvent: ExitGamesLibs, Version=1.0.4.0, Culture=neutral, PublicKeyToken=eac0edd9746a4aa0 from file:///D:/Photon/Photon-OnPremise-Server-SDK_v4-0-29-11263/deploy/CounterPublisher/bin/ExitGamesLibs.DLL
2018-06-07 15:08:19,700 [ 1] INFO  PhotonHostRuntime.PhotonDomainManager - Starting: name = 'CounterPublisher', assemblyName = 'CounterPublisher', typeName = 'Photon.CounterPublisher.Application'
2018-06-07 15:08:19,760 [ 1] INFO  PhotonHostRuntime.PhotonDomainManager - PhotonRunning: ApplicationName = 'CounterPublisher', DomainId='4' -- calling Application.Setup
2018-06-07 15:08:19,788 [ 1] INFO  PhotonHostRuntime.PhotonDomainManager - AssemblyLoadEvent: ExitGames.Logging.Log4Net, Version=1.0.4.0, Culture=neutral, PublicKeyToken=eac0edd9746a4aa0 from file:///D:/Photon/Photon-OnPremise-Server-SDK_v4-0-29-11263/deploy/CounterPublisher/bin/ExitGames.Logging.Log4Net.DLL
2018-06-07 15:08:21,555 [ 1] INFO  PhotonHostRuntime.PhotonDomainManager - PhotonRunning: ApplicationName = 'Game', DomainId='3' -- calling Application.Setup
2018-06-07 15:08:21,592 [ 1] INFO  PhotonHostRuntime.PhotonDomainManager - AssemblyLoadEvent: ExitGames.Logging.Log4Net, Version=1.0.4.0, Culture=neutral, PublicKeyToken=eac0edd9746a4aa0 from file:///D:/Photon/Photon-OnPremise-Server-SDK_v4-0-29-11263/deploy/LoadBalancing/GameServer/bin/ExitGames.Logging.Log4Net.DLL
2018-06-07 15:08:22,706 [ 1] INFO  PhotonHostRuntime.PhotonDomainManager - AssemblyLoadEvent: System.resources, Version=4.0.0.0, Culture=ru, PublicKeyToken=b77a5c561934e089 from file:///C:/WINDOWS/Microsoft.Net/assembly/GAC_MSIL/System.resources/v4.0_4.0.0.0_ru_b77a5c561934e089/System.resources.dll
2018-06-07 15:08:23,941 [ 1] INFO  PhotonHostRuntime.PhotonDomainManager - AssemblyLoadEvent: PhotonHivePlugin, Version=1.0.15.11060, Culture=neutral, PublicKeyToken=null from file:///D:/Photon/Photon-OnPremise-Server-SDK_v4-0-29-11263/deploy/LoadBalancing/GameServer/bin/PhotonHivePlugin.DLL
2018-06-07 15:08:24,040 [ 1] INFO  PhotonHostRuntime.PhotonDomainManager - PhotonRunning: ApplicationName = 'Master', DomainId='2' -- calling Application.Setup
2018-06-07 15:08:24,092 [ 1] INFO  PhotonHostRuntime.PhotonDomainManager - AssemblyLoadEvent: Photon.Common, Version=4.0.28.11221, Culture=neutral, PublicKeyToken=null from file:///D:/Photon/Photon-OnPremise-Server-SDK_v4-0-29-11263/deploy/LoadBalancing/Master/bin/Photon.Common.DLL
2018-06-07 15:08:24,113 [ 1] INFO  PhotonHostRuntime.PhotonDomainManager - AssemblyLoadEvent: ExitGames.Logging.Log4Net, Version=1.0.4.0, Culture=neutral, PublicKeyToken=eac0edd9746a4aa0 from file:///D:/Photon/Photon-OnPremise-Server-SDK_v4-0-29-11263/deploy/LoadBalancing/Master/bin/ExitGames.Logging.Log4Net.DLL
2018-06-07 15:08:24,908 [ 1] INFO  PhotonHostRuntime.PhotonDomainManager - AssemblyLoadEvent: System.resources, Version=4.0.0.0, Culture=ru, PublicKeyToken=b77a5c561934e089 from file:///C:/WINDOWS/Microsoft.Net/assembly/GAC_MSIL/System.resources/v4.0_4.0.0.0_ru_b77a5c561934e089/System.resources.dll
2018-06-07 15:08:25,227 [ 1] INFO  PhotonHostRuntime.PhotonDomainManager - AssemblyLoadEvent: PhotonHive, Version=4.0.28.11221, Culture=neutral, PublicKeyToken=null from file:///D:/Photon/Photon-OnPremise-Server-SDK_v4-0-29-11263/deploy/LoadBalancing/Master/bin/PhotonHive.DLL
2018-06-07 15:08:25,350 [ 1] INFO  PhotonHostRuntime.PhotonDomainManager - AssemblyLoadEvent: ServiceStack.Redis, Version=3.9.71.0, Culture=neutral, PublicKeyToken=null from file:///D:/Photon/Photon-OnPremise-Server-SDK_v4-0-29-11263/deploy/LoadBalancing/Master/bin/ServiceStack.Redis.DLL
2018-06-07 15:08:25,410 [ 1] INFO  PhotonHostRuntime.PhotonDomainManager - AssemblyLoadEvent: ServiceStack.Interfaces, Version=1.0.0.0, Culture=neutral, PublicKeyToken=null from file:///D:/Photon/Photon-OnPremise-Server-SDK_v4-0-29-11263/deploy/LoadBalancing/Master/bin/ServiceStack.Interfaces.DLL
2018-06-07 15:08:25,458 [ 1] INFO  PhotonHostRuntime.PhotonDomainManager - AssemblyLoadEvent: System.Web, Version=4.0.0.0, Culture=neutral, PublicKeyToken=b03f5f7f11d50a3a from file:///C:/WINDOWS/Microsoft.Net/assembly/GAC_64/System.Web/v4.0_4.0.0.0__b03f5f7f11d50a3a/System.Web.dll
2018-06-07 15:08:25,627 [ 1] INFO  PhotonHostRuntime.PhotonDomainManager - PhotonRunning: ApplicationName = 'DefaultDomain', DomainId='1'
2018-06-07 15:08:25,708 [ 9] INFO  PhotonHostRuntime.PhotonDomainManager - AssemblyLoadEvent: PhotonHivePlugin, Version=1.0.15.11060, Culture=neutral, PublicKeyToken=null from file:///D:/Photon/Photon-OnPremise-Server-SDK_v4-0-29-11263/deploy/LoadBalancing/Master/bin/PhotonHivePlugin.DLL
2018-06-07 15:08:28,982 [10] INFO  PhotonHostRuntime.PhotonDomainManager - AssemblyLoadEvent: System.Web, Version=4.0.0.0, Culture=neutral, PublicKeyToken=b03f5f7f11d50a3a from file:///C:/WINDOWS/Microsoft.Net/assembly/GAC_64/System.Web/v4.0_4.0.0.0__b03f5f7f11d50a3a/System.Web.dll
2018-06-07 15:08:51,416 [ 1] INFO  PhotonHostRuntime.PhotonDomainManager - RequestStop: ApplicationName = 'CounterPublisher', DomainId='4' -- calling Application.OnStopRequested()
2018-06-07 15:08:51,440 [ 1] INFO  PhotonHostRuntime.PhotonDomainManager - RequestStop: ApplicationName = 'Game', DomainId='3' -- calling Application.OnStopRequested()
2018-06-07 15:08:51,505 [ 1] INFO  PhotonHostRuntime.PhotonDomainManager - RequestStop: ApplicationName = 'Master', DomainId='2' -- calling Application.OnStopRequested()
2018-06-07 15:08:51,550 [ 1] INFO  PhotonHostRuntime.PhotonDomainManager - RequestStop: ApplicationName = 'DefaultDomain', DomainId='1'
2018-06-07 15:08:51,562 [ 1] INFO  PhotonHostRuntime.PhotonDomainManager - Stop: ApplicationName = 'CounterPublisher', DomainId='4' -- calling Application.TearDown()
2018-06-07 15:08:51,594 [ 1] INFO  PhotonHostRuntime.PhotonDomainManager - Stop: ApplicationName = 'Game', DomainId='3' -- calling Application.TearDown()
2018-06-07 15:08:51,633 [ 1] INFO  PhotonHostRuntime.PhotonDomainManager - Stop: ApplicationName = 'Master', DomainId='2' -- calling Application.TearDown()
2018-06-07 15:11:19,265 [ 1] INFO  PhotonHostRuntime.PhotonDomainManager - Initialize: ApplicationName = 'DefaultDomain', DomainID = '1'
2018-06-07 15:11:19,300 [ 1] INFO  PhotonHostRuntime.PhotonDomainManager - AppDomains with unhandled exceptions are usually not unloaded and restarted.
2018-06-07 15:11:19,311 [ 1] INFO  PhotonHostRuntime.PhotonDomainManager - Getting license information:
2018-06-07 15:11:20,025 [ 1] INFO  PhotonHostRuntime.PhotonLicensing - LICENSE: Type:Standard; Plan:Free; Expiration: never; floating license: yes; max connections: 100; valid IPs: any; status:Licensed
2018-06-07 15:11:21,219 [ 1] INFO  PhotonHostRuntime.PhotonDomainManager - CreateAppDomain: name = 'Master' , assemblyName = 'Photon.LoadBalancing'
2018-06-07 15:11:21,227 [ 1] INFO  PhotonHostRuntime.PhotonDomainManager -   ApplicationBase = 'D:\Photon\Photon-OnPremise-Server-SDK_v4-0-29-11263\deploy'
2018-06-07 15:11:21,234 [ 1] INFO  PhotonHostRuntime.PhotonDomainManager -   PrivateBinPath = 'D:\Photon\Photon-OnPremise-Server-SDK_v4-0-29-11263\deploy\LoadBalancing\Master\bin;bin_Win64;Shared;'
2018-06-07 15:11:21,241 [ 1] INFO  PhotonHostRuntime.PhotonDomainManager -   ConfigurationFile = 'D:\Photon\Photon-OnPremise-Server-SDK_v4-0-29-11263\deploy\LoadBalancing\Master\bin\Photon.LoadBalancing.dll.config'
2018-06-07 15:11:21,249 [ 1] INFO  PhotonHostRuntime.PhotonDomainManager -   CachePath = 'D:\Photon\Photon-OnPremise-Server-SDK_v4-0-29-11263\deploy\LoadBalancing\Master\bin\Cache'
2018-06-07 15:11:21,425 [ 1] INFO  PhotonHostRuntime.PhotonDomainManager -   ApplicationPath = 'D:\Photon\Photon-OnPremise-Server-SDK_v4-0-29-11263\deploy\LoadBalancing\Master'
2018-06-07 15:11:21,437 [ 1] INFO  PhotonHostRuntime.PhotonDomainManager -   BinaryPath = 'D:\Photon\Photon-OnPremise-Server-SDK_v4-0-29-11263\deploy\LoadBalancing\Master\bin'
2018-06-07 15:11:21,443 [ 1] INFO  PhotonHostRuntime.PhotonDomainManager -   ApplicationRootPath = 'D:\Photon\Photon-OnPremise-Server-SDK_v4-0-29-11263\deploy'
2018-06-07 15:11:21,451 [ 1] INFO  PhotonHostRuntime.PhotonDomainManager -   UnmanagedLogPath = 'D:\Photon\Photon-OnPremise-Server-SDK_v4-0-29-11263\deploy\bin_Win64\log'
2018-06-07 15:11:21,522 [ 1] INFO  PhotonHostRuntime.PhotonDomainManager - AssemblyLoadEvent: Photon.LoadBalancing, Version=4.0.28.11221, Culture=neutral, PublicKeyToken=null from file:///D:/Photon/Photon-OnPremise-Server-SDK_v4-0-29-11263/deploy/LoadBalancing/Master/bin/Photon.LoadBalancing.DLL
2018-06-07 15:11:21,528 [ 1] INFO  PhotonHostRuntime.PhotonDomainManager - Photon SDK:4.0.28.11245
2018-06-07 15:11:21,593 [ 1] INFO  PhotonHostRuntime.PhotonDomainManager - AssemblyLoadEvent: Photon.SocketServer, Version=4.0.28.11245, Culture=neutral, PublicKeyToken=48c2fa3b6988090e from file:///D:/Photon/Photon-OnPremise-Server-SDK_v4-0-29-11263/deploy/LoadBalancing/Master/bin/Photon.SocketServer.DLL
2018-06-07 15:11:21,660 [ 1] INFO  PhotonHostRuntime.PhotonDomainManager - AssemblyLoadEvent: ExitGamesLibs, Version=1.0.4.0, Culture=neutral, PublicKeyToken=eac0edd9746a4aa0 from file:///D:/Photon/Photon-OnPremise-Server-SDK_v4-0-29-11263/deploy/LoadBalancing/Master/bin/ExitGamesLibs.DLL
2018-06-07 15:11:21,691 [ 1] INFO  PhotonHostRuntime.PhotonDomainManager - Starting: name = 'Master', assemblyName = 'Photon.LoadBalancing', typeName = 'Photon.LoadBalancing.MasterServer.MasterApplication'
2018-06-07 15:11:21,705 [ 1] INFO  PhotonHostRuntime.PhotonDomainManager - CreateAppDomain: name = 'Game' , assemblyName = 'Photon.LoadBalancing'
2018-06-07 15:11:21,711 [ 1] INFO  PhotonHostRuntime.PhotonDomainManager -   ApplicationBase = 'D:\Photon\Photon-OnPremise-Server-SDK_v4-0-29-11263\deploy'
2018-06-07 15:11:21,721 [ 1] INFO  PhotonHostRuntime.PhotonDomainManager -   PrivateBinPath = 'D:\Photon\Photon-OnPremise-Server-SDK_v4-0-29-11263\deploy\LoadBalancing\GameServer\bin;bin_Win64;Shared;'
2018-06-07 15:11:21,726 [ 1] INFO  PhotonHostRuntime.PhotonDomainManager -   ConfigurationFile = 'D:\Photon\Photon-OnPremise-Server-SDK_v4-0-29-11263\deploy\LoadBalancing\GameServer\bin\Photon.LoadBalancing.dll.config'
2018-06-07 15:11:21,733 [ 1] INFO  PhotonHostRuntime.PhotonDomainManager -   CachePath = 'D:\Photon\Photon-OnPremise-Server-SDK_v4-0-29-11263\deploy\LoadBalancing\GameServer\bin\Cache'
2018-06-07 15:11:21,885 [ 1] INFO  PhotonHostRuntime.PhotonDomainManager -   ApplicationPath = 'D:\Photon\Photon-OnPremise-Server-SDK_v4-0-29-11263\deploy\LoadBalancing\GameServer'
2018-06-07 15:11:21,892 [ 1] INFO  PhotonHostRuntime.PhotonDomainManager -   BinaryPath = 'D:\Photon\Photon-OnPremise-Server-SDK_v4-0-29-11263\deploy\LoadBalancing\GameServer\bin'
2018-06-07 15:11:21,898 [ 1] INFO  PhotonHostRuntime.PhotonDomainManager -   ApplicationRootPath = 'D:\Photon\Photon-OnPremise-Server-SDK_v4-0-29-11263\deploy'
2018-06-07 15:11:21,906 [ 1] INFO  PhotonHostRuntime.PhotonDomainManager -   UnmanagedLogPath = 'D:\Photon\Photon-OnPremise-Server-SDK_v4-0-29-11263\deploy\bin_Win64\log'
2018-06-07 15:11:21,971 [ 1] INFO  PhotonHostRuntime.PhotonDomainManager - AssemblyLoadEvent: Photon.LoadBalancing, Version=4.0.28.11221, Culture=neutral, PublicKeyToken=null from file:///D:/Photon/Photon-OnPremise-Server-SDK_v4-0-29-11263/deploy/LoadBalancing/GameServer/bin/Photon.LoadBalancing.DLL
2018-06-07 15:11:21,977 [ 1] INFO  PhotonHostRuntime.PhotonDomainManager - Photon SDK:4.0.28.11245
2018-06-07 15:11:22,041 [ 1] INFO  PhotonHostRuntime.PhotonDomainManager - AssemblyLoadEvent: Photon.SocketServer, Version=4.0.28.11245, Culture=neutral, PublicKeyToken=48c2fa3b6988090e from file:///D:/Photon/Photon-OnPremise-Server-SDK_v4-0-29-11263/deploy/LoadBalancing/GameServer/bin/Photon.SocketServer.DLL
2018-06-07 15:11:22,090 [ 1] INFO  PhotonHostRuntime.PhotonDomainManager - AssemblyLoadEvent: Photon.Common, Version=4.0.28.11221, Culture=neutral, PublicKeyToken=null from file:///D:/Photon/Photon-OnPremise-Server-SDK_v4-0-29-11263/deploy/LoadBalancing/GameServer/bin/Photon.Common.DLL
2018-06-07 15:11:22,139 [ 1] INFO  PhotonHostRuntime.PhotonDomainManager - AssemblyLoadEvent: ExitGamesLibs, Version=1.0.4.0, Culture=neutral, PublicKeyToken=eac0edd9746a4aa0 from file:///D:/Photon/Photon-OnPremise-Server-SDK_v4-0-29-11263/deploy/LoadBalancing/GameServer/bin/ExitGamesLibs.DLL
2018-06-07 15:11:22,192 [ 1] INFO  PhotonHostRuntime.PhotonDomainManager - AssemblyLoadEvent: PhotonHive, Version=4.0.28.11221, Culture=neutral, PublicKeyToken=null from file:///D:/Photon/Photon-OnPremise-Server-SDK_v4-0-29-11263/deploy/LoadBalancing/GameServer/bin/PhotonHive.DLL
2018-06-07 15:11:22,241 [ 1] INFO  PhotonHostRuntime.PhotonDomainManager - Starting: name = 'Game', assemblyName = 'Photon.LoadBalancing', typeName = 'Photon.LoadBalancing.GameServer.GameApplication'
2018-06-07 15:11:22,248 [ 1] INFO  PhotonHostRuntime.PhotonDomainManager - CreateAppDomain: name = 'CounterPublisher' , assemblyName = 'CounterPublisher'
2018-06-07 15:11:22,256 [ 1] INFO  PhotonHostRuntime.PhotonDomainManager -   ApplicationBase = 'D:\Photon\Photon-OnPremise-Server-SDK_v4-0-29-11263\deploy'
2018-06-07 15:11:22,261 [ 1] INFO  PhotonHostRuntime.PhotonDomainManager -   PrivateBinPath = 'D:\Photon\Photon-OnPremise-Server-SDK_v4-0-29-11263\deploy\CounterPublisher\bin;bin_Win64;Shared;'
2018-06-07 15:11:22,270 [ 1] INFO  PhotonHostRuntime.PhotonDomainManager -   ConfigurationFile = 'D:\Photon\Photon-OnPremise-Server-SDK_v4-0-29-11263\deploy\CounterPublisher\bin\CounterPublisher.dll.config'
2018-06-07 15:11:22,275 [ 1] INFO  PhotonHostRuntime.PhotonDomainManager -   CachePath = 'D:\Photon\Photon-OnPremise-Server-SDK_v4-0-29-11263\deploy\CounterPublisher\bin\Cache'
2018-06-07 15:11:22,431 [ 1] INFO  PhotonHostRuntime.PhotonDomainManager -   ApplicationPath = 'D:\Photon\Photon-OnPremise-Server-SDK_v4-0-29-11263\deploy\CounterPublisher'
2018-06-07 15:11:22,440 [ 1] INFO  PhotonHostRuntime.PhotonDomainManager -   BinaryPath = 'D:\Photon\Photon-OnPremise-Server-SDK_v4-0-29-11263\deploy\CounterPublisher\bin'
2018-06-07 15:11:22,445 [ 1] INFO  PhotonHostRuntime.PhotonDomainManager -   ApplicationRootPath = 'D:\Photon\Photon-OnPremise-Server-SDK_v4-0-29-11263\deploy'
2018-06-07 15:11:22,455 [ 1] INFO  PhotonHostRuntime.PhotonDomainManager -   UnmanagedLogPath = 'D:\Photon\Photon-OnPremise-Server-SDK_v4-0-29-11263\deploy\bin_Win64\log'
2018-06-07 15:11:22,504 [ 1] INFO  PhotonHostRuntime.PhotonDomainManager - AssemblyLoadEvent: CounterPublisher, Version=4.0.28.11221, Culture=neutral, PublicKeyToken=null from file:///D:/Photon/Photon-OnPremise-Server-SDK_v4-0-29-11263/deploy/CounterPublisher/bin/CounterPublisher.DLL
2018-06-07 15:11:22,512 [ 1] INFO  PhotonHostRuntime.PhotonDomainManager - Photon SDK:4.0.28.11245
2018-06-07 15:11:22,573 [ 1] INFO  PhotonHostRuntime.PhotonDomainManager - AssemblyLoadEvent: Photon.SocketServer, Version=4.0.28.11245, Culture=neutral, PublicKeyToken=48c2fa3b6988090e from file:///D:/Photon/Photon-OnPremise-Server-SDK_v4-0-29-11263/deploy/CounterPublisher/bin/Photon.SocketServer.DLL
2018-06-07 15:11:22,622 [ 1] INFO  PhotonHostRuntime.PhotonDomainManager - AssemblyLoadEvent: ExitGamesLibs, Version=1.0.4.0, Culture=neutral, PublicKeyToken=eac0edd9746a4aa0 from file:///D:/Photon/Photon-OnPremise-Server-SDK_v4-0-29-11263/deploy/CounterPublisher/bin/ExitGamesLibs.DLL
2018-06-07 15:11:22,632 [ 1] INFO  PhotonHostRuntime.PhotonDomainManager - Starting: name = 'CounterPublisher', assemblyName = 'CounterPublisher', typeName = 'Photon.CounterPublisher.Application'
2018-06-07 15:11:22,699 [ 1] INFO  PhotonHostRuntime.PhotonDomainManager - PhotonRunning: ApplicationName = 'CounterPublisher', DomainId='4' -- calling Application.Setup
2018-06-07 15:11:22,728 [ 1] INFO  PhotonHostRuntime.PhotonDomainManager - AssemblyLoadEvent: ExitGames.Logging.Log4Net, Version=1.0.4.0, Culture=neutral, PublicKeyToken=eac0edd9746a4aa0 from file:///D:/Photon/Photon-OnPremise-Server-SDK_v4-0-29-11263/deploy/CounterPublisher/bin/ExitGames.Logging.Log4Net.DLL
2018-06-07 15:11:23,741 [ 1] INFO  PhotonHostRuntime.PhotonDomainManager - PhotonRunning: ApplicationName = 'Game', DomainId='3' -- calling Application.Setup
2018-06-07 15:11:23,784 [ 1] INFO  PhotonHostRuntime.PhotonDomainManager - AssemblyLoadEvent: ExitGames.Logging.Log4Net, Version=1.0.4.0, Culture=neutral, PublicKeyToken=eac0edd9746a4aa0 from file:///D:/Photon/Photon-OnPremise-Server-SDK_v4-0-29-11263/deploy/LoadBalancing/GameServer/bin/ExitGames.Logging.Log4Net.DLL
2018-06-07 15:11:24,928 [ 1] INFO  PhotonHostRuntime.PhotonDomainManager - AssemblyLoadEvent: PhotonHivePlugin, Version=1.0.15.11060, Culture=neutral, PublicKeyToken=null from file:///D:/Photon/Photon-OnPremise-Server-SDK_v4-0-29-11263/deploy/LoadBalancing/GameServer/bin/PhotonHivePlugin.DLL
2018-06-07 15:11:25,067 [ 1] INFO  PhotonHostRuntime.PhotonDomainManager - PhotonRunning: ApplicationName = 'Master', DomainId='2' -- calling Application.Setup
2018-06-07 15:11:25,124 [ 1] INFO  PhotonHostRuntime.PhotonDomainManager - AssemblyLoadEvent: Photon.Common, Version=4.0.28.11221, Culture=neutral, PublicKeyToken=null from file:///D:/Photon/Photon-OnPremise-Server-SDK_v4-0-29-11263/deploy/LoadBalancing/Master/bin/Photon.Common.DLL
2018-06-07 15:11:25,142 [ 1] INFO  PhotonHostRuntime.PhotonDomainManager - AssemblyLoadEvent: ExitGames.Logging.Log4Net, Version=1.0.4.0, Culture=neutral, PublicKeyToken=eac0edd9746a4aa0 from file:///D:/Photon/Photon-OnPremise-Server-SDK_v4-0-29-11263/deploy/LoadBalancing/Master/bin/ExitGames.Logging.Log4Net.DLL
2018-06-07 15:11:25,657 [ 1] INFO  PhotonHostRuntime.PhotonDomainManager - AssemblyLoadEvent: PhotonHive, Version=4.0.28.11221, Culture=neutral, PublicKeyToken=null from file:///D:/Photon/Photon-OnPremise-Server-SDK_v4-0-29-11263/deploy/LoadBalancing/Master/bin/PhotonHive.DLL
2018-06-07 15:11:25,755 [ 1] INFO  PhotonHostRuntime.PhotonDomainManager - AssemblyLoadEvent: ServiceStack.Redis, Version=3.9.71.0, Culture=neutral, PublicKeyToken=null from file:///D:/Photon/Photon-OnPremise-Server-SDK_v4-0-29-11263/deploy/LoadBalancing/Master/bin/ServiceStack.Redis.DLL
2018-06-07 15:11:25,792 [ 1] INFO  PhotonHostRuntime.PhotonDomainManager - AssemblyLoadEvent: ServiceStack.Interfaces, Version=1.0.0.0, Culture=neutral, PublicKeyToken=null from file:///D:/Photon/Photon-OnPremise-Server-SDK_v4-0-29-11263/deploy/LoadBalancing/Master/bin/ServiceStack.Interfaces.DLL
2018-06-07 15:11:25,829 [ 1] INFO  PhotonHostRuntime.PhotonDomainManager - AssemblyLoadEvent: System.Web, Version=4.0.0.0, Culture=neutral, PublicKeyToken=b03f5f7f11d50a3a from file:///C:/WINDOWS/Microsoft.Net/assembly/GAC_64/System.Web/v4.0_4.0.0.0__b03f5f7f11d50a3a/System.Web.dll
2018-06-07 15:11:25,978 [ 1] INFO  PhotonHostRuntime.PhotonDomainManager - PhotonRunning: ApplicationName = 'DefaultDomain', DomainId='1'
2018-06-07 15:11:26,082 [ 9] INFO  PhotonHostRuntime.PhotonDomainManager - AssemblyLoadEvent: PhotonHivePlugin, Version=1.0.15.11060, Culture=neutral, PublicKeyToken=null from file:///D:/Photon/Photon-OnPremise-Server-SDK_v4-0-29-11263/deploy/LoadBalancing/Master/bin/PhotonHivePlugin.DLL
2018-06-07 15:11:29,032 [10] INFO  PhotonHostRuntime.PhotonDomainManager - AssemblyLoadEvent: System.Web, Version=4.0.0.0, Culture=neutral, PublicKeyToken=b03f5f7f11d50a3a from file:///C:/WINDOWS/Microsoft.Net/assembly/GAC_64/System.Web/v4.0_4.0.0.0__b03f5f7f11d50a3a/System.Web.dll
2018-06-07 15:34:35,016 [20] INFO  PhotonHostRuntime.PhotonDomainManager - CreateAppDomain: name = 'Game' , assemblyName = 'Photon.LoadBalancing'
2018-06-07 15:34:35,022 [20] INFO  PhotonHostRuntime.PhotonDomainManager -   ApplicationBase = 'D:\Photon\Photon-OnPremise-Server-SDK_v4-0-29-11263\deploy'
2018-06-07 15:34:35,029 [20] INFO  PhotonHostRuntime.PhotonDomainManager -   PrivateBinPath = 'D:\Photon\Photon-OnPremise-Server-SDK_v4-0-29-11263\deploy\LoadBalancing\GameServer\bin;bin_Win64;Shared;'
2018-06-07 15:34:35,035 [20] INFO  PhotonHostRuntime.PhotonDomainManager -   ConfigurationFile = 'D:\Photon\Photon-OnPremise-Server-SDK_v4-0-29-11263\deploy\LoadBalancing\GameServer\bin\Photon.LoadBalancing.dll.config'
2018-06-07 15:34:35,040 [20] INFO  PhotonHostRuntime.PhotonDomainManager -   CachePath = 'D:\Photon\Photon-OnPremise-Server-SDK_v4-0-29-11263\deploy\LoadBalancing\GameServer\bin\Cache'
2018-06-07 15:34:35,215 [20] INFO  PhotonHostRuntime.PhotonDomainManager -   ApplicationPath = 'D:\Photon\Photon-OnPremise-Server-SDK_v4-0-29-11263\deploy\LoadBalancing\GameServer'
2018-06-07 15:34:35,221 [20] INFO  PhotonHostRuntime.PhotonDomainManager -   BinaryPath = 'D:\Photon\Photon-OnPremise-Server-SDK_v4-0-29-11263\deploy\LoadBalancing\GameServer\bin'
2018-06-07 15:34:35,230 [20] INFO  PhotonHostRuntime.PhotonDomainManager -   ApplicationRootPath = 'D:\Photon\Photon-OnPremise-Server-SDK_v4-0-29-11263\deploy'
2018-06-07 15:34:35,235 [20] INFO  PhotonHostRuntime.PhotonDomainManager -   UnmanagedLogPath = 'D:\Photon\Photon-OnPremise-Server-SDK_v4-0-29-11263\deploy\bin_Win64\log'
2018-06-07 15:34:35,303 [20] INFO  PhotonHostRuntime.PhotonDomainManager - AssemblyLoadEvent: Photon.LoadBalancing, Version=4.0.28.11221, Culture=neutral, PublicKeyToken=null from file:///D:/Photon/Photon-OnPremise-Server-SDK_v4-0-29-11263/deploy/LoadBalancing/GameServer/bin/Photon.LoadBalancing.DLL
2018-06-07 15:34:35,317 [20] INFO  PhotonHostRuntime.PhotonDomainManager - Photon SDK:4.0.28.11245
2018-06-07 15:34:35,398 [20] INFO  PhotonHostRuntime.PhotonDomainManager - AssemblyLoadEvent: Photon.SocketServer, Version=4.0.28.11245, Culture=neutral, PublicKeyToken=48c2fa3b6988090e from file:///D:/Photon/Photon-OnPremise-Server-SDK_v4-0-29-11263/deploy/LoadBalancing/GameServer/bin/Photon.SocketServer.DLL
2018-06-07 15:34:35,447 [20] INFO  PhotonHostRuntime.PhotonDomainManager - AssemblyLoadEvent: Photon.Common, Version=4.0.28.11221, Culture=neutral, PublicKeyToken=null from file:///D:/Photon/Photon-OnPremise-Server-SDK_v4-0-29-11263/deploy/LoadBalancing/GameServer/bin/Photon.Common.DLL
2018-06-07 15:34:35,495 [20] INFO  PhotonHostRuntime.PhotonDomainManager - AssemblyLoadEvent: ExitGamesLibs, Version=1.0.4.0, Culture=neutral, PublicKeyToken=eac0edd9746a4aa0 from file:///D:/Photon/Photon-OnPremise-Server-SDK_v4-0-29-11263/deploy/LoadBalancing/GameServer/bin/ExitGamesLibs.DLL
2018-06-07 15:34:35,569 [20] INFO  PhotonHostRuntime.PhotonDomainManager - AssemblyLoadEvent: PhotonHive, Version=4.0.28.11221, Culture=neutral, PublicKeyToken=null from file:///D:/Photon/Photon-OnPremise-Server-SDK_v4-0-29-11263/deploy/LoadBalancing/GameServer/bin/PhotonHive.DLL
2018-06-07 15:34:35,624 [20] INFO  PhotonHostRuntime.PhotonDomainManager - Starting: name = 'Game', assemblyName = 'Photon.LoadBalancing', typeName = 'Photon.LoadBalancing.GameServer.GameApplication'
2018-06-07 15:34:35,638 [20] INFO  PhotonHostRuntime.PhotonDomainManager - PhotonRunning: ApplicationName = 'Game', DomainId='5' -- calling Application.Setup
2018-06-07 15:34:35,697 [20] INFO  PhotonHostRuntime.PhotonDomainManager - AssemblyLoadEvent: ExitGames.Logging.Log4Net, Version=1.0.4.0, Culture=neutral, PublicKeyToken=eac0edd9746a4aa0 from file:///D:/Photon/Photon-OnPremise-Server-SDK_v4-0-29-11263/deploy/LoadBalancing/GameServer/bin/ExitGames.Logging.Log4Net.DLL
2018-06-07 15:34:37,248 [20] INFO  PhotonHostRuntime.PhotonDomainManager - AssemblyLoadEvent: PhotonHivePlugin, Version=1.0.15.11060, Culture=neutral, PublicKeyToken=null from file:///D:/Photon/Photon-OnPremise-Server-SDK_v4-0-29-11263/deploy/LoadBalancing/GameServer/bin/PhotonHivePlugin.DLL
2018-06-07 15:34:37,330 [20] INFO  PhotonHostRuntime.PhotonDomainManager - RequestStop: ApplicationName = 'Game', DomainId='3' -- calling Application.OnStopRequested()
2018-06-07 15:34:37,365 [20] INFO  PhotonHostRuntime.PhotonDomainManager - Stop: ApplicationName = 'Game', DomainId='3' -- calling Application.TearDown()
2018-06-07 15:34:43,455 [20] INFO  PhotonHostRuntime.PhotonDomainManager - CreateAppDomain: name = 'Game' , assemblyName = 'Photon.LoadBalancing'
2018-06-07 15:34:43,466 [20] INFO  PhotonHostRuntime.PhotonDomainManager -   ApplicationBase = 'D:\Photon\Photon-OnPremise-Server-SDK_v4-0-29-11263\deploy'
2018-06-07 15:34:43,473 [20] INFO  PhotonHostRuntime.PhotonDomainManager -   PrivateBinPath = 'D:\Photon\Photon-OnPremise-Server-SDK_v4-0-29-11263\deploy\LoadBalancing\GameServer\bin;bin_Win64;Shared;'
2018-06-07 15:34:43,483 [20] INFO  PhotonHostRuntime.PhotonDomainManager -   ConfigurationFile = 'D:\Photon\Photon-OnPremise-Server-SDK_v4-0-29-11263\deploy\LoadBalancing\GameServer\bin\Photon.LoadBalancing.dll.config'
2018-06-07 15:34:43,487 [20] INFO  PhotonHostRuntime.PhotonDomainManager -   CachePath = 'D:\Photon\Photon-OnPremise-Server-SDK_v4-0-29-11263\deploy\LoadBalancing\GameServer\bin\Cache'
2018-06-07 15:34:43,665 [20] INFO  PhotonHostRuntime.PhotonDomainManager -   ApplicationPath = 'D:\Photon\Photon-OnPremise-Server-SDK_v4-0-29-11263\deploy\LoadBalancing\GameServer'
2018-06-07 15:34:43,672 [20] INFO  PhotonHostRuntime.PhotonDomainManager -   BinaryPath = 'D:\Photon\Photon-OnPremise-Server-SDK_v4-0-29-11263\deploy\LoadBalancing\GameServer\bin'
2018-06-07 15:34:43,685 [20] INFO  PhotonHostRuntime.PhotonDomainManager -   ApplicationRootPath = 'D:\Photon\Photon-OnPremise-Server-SDK_v4-0-29-11263\deploy'
2018-06-07 15:34:43,695 [20] INFO  PhotonHostRuntime.PhotonDomainManager -   UnmanagedLogPath = 'D:\Photon\Photon-OnPremise-Server-SDK_v4-0-29-11263\deploy\bin_Win64\log'
2018-06-07 15:34:43,798 [20] INFO  PhotonHostRuntime.PhotonDomainManager - AssemblyLoadEvent: Photon.LoadBalancing, Version=4.0.28.11221, Culture=neutral, PublicKeyToken=null from file:///D:/Photon/Photon-OnPremise-Server-SDK_v4-0-29-11263/deploy/LoadBalancing/GameServer/bin/Photon.LoadBalancing.DLL
2018-06-07 15:34:43,805 [20] INFO  PhotonHostRuntime.PhotonDomainManager - Photon SDK:4.0.28.11245
2018-06-07 15:34:43,951 [20] INFO  PhotonHostRuntime.PhotonDomainManager - AssemblyLoadEvent: Photon.SocketServer, Version=4.0.28.11245, Culture=neutral, PublicKeyToken=48c2fa3b6988090e from file:///D:/Photon/Photon-OnPremise-Server-SDK_v4-0-29-11263/deploy/LoadBalancing/GameServer/bin/Photon.SocketServer.DLL
2018-06-07 15:34:44,033 [20] INFO  PhotonHostRuntime.PhotonDomainManager - AssemblyLoadEvent: Photon.Common, Version=4.0.28.11221, Culture=neutral, PublicKeyToken=null from file:///D:/Photon/Photon-OnPremise-Server-SDK_v4-0-29-11263/deploy/LoadBalancing/GameServer/bin/Photon.Common.DLL
2018-06-07 15:34:44,102 [20] INFO  PhotonHostRuntime.PhotonDomainManager - AssemblyLoadEvent: ExitGamesLibs, Version=1.0.4.0, Culture=neutral, PublicKeyToken=eac0edd9746a4aa0 from file:///D:/Photon/Photon-OnPremise-Server-SDK_v4-0-29-11263/deploy/LoadBalancing/GameServer/bin/ExitGamesLibs.DLL
2018-06-07 15:34:44,164 [20] INFO  PhotonHostRuntime.PhotonDomainManager - AssemblyLoadEvent: PhotonHive, Version=4.0.28.11221, Culture=neutral, PublicKeyToken=null from file:///D:/Photon/Photon-OnPremise-Server-SDK_v4-0-29-11263/deploy/LoadBalancing/GameServer/bin/PhotonHive.DLL
2018-06-07 15:34:44,206 [20] INFO  PhotonHostRuntime.PhotonDomainManager - Starting: name = 'Game', assemblyName = 'Photon.LoadBalancing', typeName = 'Photon.LoadBalancing.GameServer.GameApplication'
2018-06-07 15:34:44,217 [20] INFO  PhotonHostRuntime.PhotonDomainManager - PhotonRunning: ApplicationName = 'Game', DomainId='6' -- calling Application.Setup
2018-06-07 15:34:44,239 [20] INFO  PhotonHostRuntime.PhotonDomainManager - AssemblyLoadEvent: ExitGames.Logging.Log4Net, Version=1.0.4.0, Culture=neutral, PublicKeyToken=eac0edd9746a4aa0 from file:///D:/Photon/Photon-OnPremise-Server-SDK_v4-0-29-11263/deploy/LoadBalancing/GameServer/bin/ExitGames.Logging.Log4Net.DLL
2018-06-07 15:34:45,537 [20] INFO  PhotonHostRuntime.PhotonDomainManager - AssemblyLoadEvent: PhotonHivePlugin, Version=1.0.15.11060, Culture=neutral, PublicKeyToken=null from file:///D:/Photon/Photon-OnPremise-Server-SDK_v4-0-29-11263/deploy/LoadBalancing/GameServer/bin/PhotonHivePlugin.DLL
2018-06-07 15:34:45,625 [20] INFO  PhotonHostRuntime.PhotonDomainManager - RequestStop: ApplicationName = 'Game', DomainId='5' -- calling Application.OnStopRequested()
2018-06-07 15:34:45,674 [20] INFO  PhotonHostRuntime.PhotonDomainManager - Stop: ApplicationName = 'Game', DomainId='5' -- calling Application.TearDown()
2018-06-07 15:35:23,520 [ 1] INFO  PhotonHostRuntime.PhotonDomainManager - RequestStop: ApplicationName = 'CounterPublisher', DomainId='4' -- calling Application.OnStopRequested()
2018-06-07 15:35:23,543 [ 1] INFO  PhotonHostRuntime.PhotonDomainManager - RequestStop: ApplicationName = 'Game', DomainId='6' -- calling Application.OnStopRequested()
2018-06-07 15:35:23,600 [ 1] INFO  PhotonHostRuntime.PhotonDomainManager - RequestStop: ApplicationName = 'Master', DomainId='2' -- calling Application.OnStopRequested()
2018-06-07 15:35:23,635 [ 1] INFO  PhotonHostRuntime.PhotonDomainManager - RequestStop: ApplicationName = 'DefaultDomain', DomainId='1'
2018-06-07 15:35:23,641 [ 1] INFO  PhotonHostRuntime.PhotonDomainManager - Stop: ApplicationName = 'CounterPublisher', DomainId='4' -- calling Application.TearDown()
2018-06-07 15:35:23,667 [ 1] INFO  PhotonHostRuntime.PhotonDomainManager - Stop: ApplicationName = 'Game', DomainId='6' -- calling Application.TearDown()
2018-06-07 15:35:23,713 [ 1] INFO  PhotonHostRuntime.PhotonDomainManager - Stop: ApplicationName = 'Master', DomainId='2' -- calling Application.TearDown()
2018-06-07 15:35:52,167 [ 1] INFO  PhotonHostRuntime.PhotonDomainManager - Initialize: ApplicationName = 'DefaultDomain', DomainID = '1'
2018-06-07 15:35:52,191 [ 1] INFO  PhotonHostRuntime.PhotonDomainManager - AppDomains with unhandled exceptions are usually not unloaded and restarted.
2018-06-07 15:35:52,203 [ 1] INFO  PhotonHostRuntime.PhotonDomainManager - Getting license information:
2018-06-07 15:35:52,849 [ 1] INFO  PhotonHostRuntime.PhotonLicensing - LICENSE: Type:Standard; Plan:Free; Expiration: never; floating license: yes; max connections: 100; valid IPs: any; status:Licensed
2018-06-07 15:35:54,159 [ 1] INFO  PhotonHostRuntime.PhotonDomainManager - CreateAppDomain: name = 'Master' , assemblyName = 'Photon.LoadBalancing'
2018-06-07 15:35:54,167 [ 1] INFO  PhotonHostRuntime.PhotonDomainManager -   ApplicationBase = 'D:\Photon\Photon-OnPremise-Server-SDK_v4-0-29-11263\deploy'
2018-06-07 15:35:54,173 [ 1] INFO  PhotonHostRuntime.PhotonDomainManager -   PrivateBinPath = 'D:\Photon\Photon-OnPremise-Server-SDK_v4-0-29-11263\deploy\LoadBalancing\Master\bin;bin_Win64;Shared;'
2018-06-07 15:35:54,182 [ 1] INFO  PhotonHostRuntime.PhotonDomainManager -   ConfigurationFile = 'D:\Photon\Photon-OnPremise-Server-SDK_v4-0-29-11263\deploy\LoadBalancing\Master\bin\Photon.LoadBalancing.dll.config'
2018-06-07 15:35:54,187 [ 1] INFO  PhotonHostRuntime.PhotonDomainManager -   CachePath = 'D:\Photon\Photon-OnPremise-Server-SDK_v4-0-29-11263\deploy\LoadBalancing\Master\bin\Cache'
2018-06-07 15:35:54,350 [ 1] INFO  PhotonHostRuntime.PhotonDomainManager -   ApplicationPath = 'D:\Photon\Photon-OnPremise-Server-SDK_v4-0-29-11263\deploy\LoadBalancing\Master'
2018-06-07 15:35:54,356 [ 1] INFO  PhotonHostRuntime.PhotonDomainManager -   BinaryPath = 'D:\Photon\Photon-OnPremise-Server-SDK_v4-0-29-11263\deploy\LoadBalancing\Master\bin'
2018-06-07 15:35:54,365 [ 1] INFO  PhotonHostRuntime.PhotonDomainManager -   ApplicationRootPath = 'D:\Photon\Photon-OnPremise-Server-SDK_v4-0-29-11263\deploy'
2018-06-07 15:35:54,371 [ 1] INFO  PhotonHostRuntime.PhotonDomainManager -   UnmanagedLogPath = 'D:\Photon\Photon-OnPremise-Server-SDK_v4-0-29-11263\deploy\bin_Win64\log'
2018-06-07 15:35:54,436 [ 1] INFO  PhotonHostRuntime.PhotonDomainManager - AssemblyLoadEvent: Photon.LoadBalancing, Version=4.0.28.11221, Culture=neutral, PublicKeyToken=null from file:///D:/Photon/Photon-OnPremise-Server-SDK_v4-0-29-11263/deploy/LoadBalancing/Master/bin/Photon.LoadBalancing.DLL
2018-06-07 15:35:54,441 [ 1] INFO  PhotonHostRuntime.PhotonDomainManager - Photon SDK:4.0.28.11245
2018-06-07 15:35:54,503 [ 1] INFO  PhotonHostRuntime.PhotonDomainManager - AssemblyLoadEvent: Photon.SocketServer, Version=4.0.28.11245, Culture=neutral, PublicKeyToken=48c2fa3b6988090e from file:///D:/Photon/Photon-OnPremise-Server-SDK_v4-0-29-11263/deploy/LoadBalancing/Master/bin/Photon.SocketServer.DLL
2018-06-07 15:35:54,569 [ 1] INFO  PhotonHostRuntime.PhotonDomainManager - AssemblyLoadEvent: ExitGamesLibs, Version=1.0.4.0, Culture=neutral, PublicKeyToken=eac0edd9746a4aa0 from file:///D:/Photon/Photon-OnPremise-Server-SDK_v4-0-29-11263/deploy/LoadBalancing/Master/bin/ExitGamesLibs.DLL
2018-06-07 15:35:54,605 [ 1] INFO  PhotonHostRuntime.PhotonDomainManager - Starting: name = 'Master', assemblyName = 'Photon.LoadBalancing', typeName = 'Photon.LoadBalancing.MasterServer.MasterApplication'
2018-06-07 15:35:54,616 [ 1] INFO  PhotonHostRuntime.PhotonDomainManager - CreateAppDomain: name = 'Game' , assemblyName = 'Photon.LoadBalancing'
2018-06-07 15:35:54,622 [ 1] INFO  PhotonHostRuntime.PhotonDomainManager -   ApplicationBase = 'D:\Photon\Photon-OnPremise-Server-SDK_v4-0-29-11263\deploy'
2018-06-07 15:35:54,631 [ 1] INFO  PhotonHostRuntime.PhotonDomainManager -   PrivateBinPath = 'D:\Photon\Photon-OnPremise-Server-SDK_v4-0-29-11263\deploy\LoadBalancing\GameServer\bin;bin_Win64;Shared;'
2018-06-07 15:35:54,636 [ 1] INFO  PhotonHostRuntime.PhotonDomainManager -   ConfigurationFile = 'D:\Photon\Photon-OnPremise-Server-SDK_v4-0-29-11263\deploy\LoadBalancing\GameServer\bin\Photon.LoadBalancing.dll.config'
2018-06-07 15:35:54,641 [ 1] INFO  PhotonHostRuntime.PhotonDomainManager -   CachePath = 'D:\Photon\Photon-OnPremise-Server-SDK_v4-0-29-11263\deploy\LoadBalancing\GameServer\bin\Cache'
2018-06-07 15:35:54,797 [ 1] INFO  PhotonHostRuntime.PhotonDomainManager -   ApplicationPath = 'D:\Photon\Photon-OnPremise-Server-SDK_v4-0-29-11263\deploy\LoadBalancing\GameServer'
2018-06-07 15:35:54,802 [ 1] INFO  PhotonHostRuntime.PhotonDomainManager -   BinaryPath = 'D:\Photon\Photon-OnPremise-Server-SDK_v4-0-29-11263\deploy\LoadBalancing\GameServer\bin'
2018-06-07 15:35:54,808 [ 1] INFO  PhotonHostRuntime.PhotonDomainManager -   ApplicationRootPath = 'D:\Photon\Photon-OnPremise-Server-SDK_v4-0-29-11263\deploy'
2018-06-07 15:35:54,818 [ 1] INFO  PhotonHostRuntime.PhotonDomainManager -   UnmanagedLogPath = 'D:\Photon\Photon-OnPremise-Server-SDK_v4-0-29-11263\deploy\bin_Win64\log'
2018-06-07 15:35:54,874 [ 1] INFO  PhotonHostRuntime.PhotonDomainManager - AssemblyLoadEvent: Photon.LoadBalancing, Version=4.0.28.11221, Culture=neutral, PublicKeyToken=null from file:///D:/Photon/Photon-OnPremise-Server-SDK_v4-0-29-11263/deploy/LoadBalancing/GameServer/bin/Photon.LoadBalancing.DLL
2018-06-07 15:35:54,884 [ 1] INFO  PhotonHostRuntime.PhotonDomainManager - Photon SDK:4.0.28.11245
2018-06-07 15:35:54,946 [ 1] INFO  PhotonHostRuntime.PhotonDomainManager - AssemblyLoadEvent: Photon.SocketServer, Version=4.0.28.11245, Culture=neutral, PublicKeyToken=48c2fa3b6988090e from file:///D:/Photon/Photon-OnPremise-Server-SDK_v4-0-29-11263/deploy/LoadBalancing/GameServer/bin/Photon.SocketServer.DLL
2018-06-07 15:35:55,000 [ 1] INFO  PhotonHostRuntime.PhotonDomainManager - AssemblyLoadEvent: Photon.Common, Version=4.0.28.11221, Culture=neutral, PublicKeyToken=null from file:///D:/Photon/Photon-OnPremise-Server-SDK_v4-0-29-11263/deploy/LoadBalancing/GameServer/bin/Photon.Common.DLL
2018-06-07 15:35:55,042 [ 1] INFO  PhotonHostRuntime.PhotonDomainManager - AssemblyLoadEvent: ExitGamesLibs, Version=1.0.4.0, Culture=neutral, PublicKeyToken=eac0edd9746a4aa0 from file:///D:/Photon/Photon-OnPremise-Server-SDK_v4-0-29-11263/deploy/LoadBalancing/GameServer/bin/ExitGamesLibs.DLL
2018-06-07 15:35:55,098 [ 1] INFO  PhotonHostRuntime.PhotonDomainManager - AssemblyLoadEvent: PhotonHive, Version=4.0.28.11221, Culture=neutral, PublicKeyToken=null from file:///D:/Photon/Photon-OnPremise-Server-SDK_v4-0-29-11263/deploy/LoadBalancing/GameServer/bin/PhotonHive.DLL
2018-06-07 15:35:55,142 [ 1] INFO  PhotonHostRuntime.PhotonDomainManager - Starting: name = 'Game', assemblyName = 'Photon.LoadBalancing', typeName = 'Photon.LoadBalancing.GameServer.GameApplication'
2018-06-07 15:35:55,155 [ 1] INFO  PhotonHostRuntime.PhotonDomainManager - CreateAppDomain: name = 'CounterPublisher' , assemblyName = 'CounterPublisher'
2018-06-07 15:35:55,163 [ 1] INFO  PhotonHostRuntime.PhotonDomainManager -   ApplicationBase = 'D:\Photon\Photon-OnPremise-Server-SDK_v4-0-29-11263\deploy'
2018-06-07 15:35:55,169 [ 1] INFO  PhotonHostRuntime.PhotonDomainManager -   PrivateBinPath = 'D:\Photon\Photon-OnPremise-Server-SDK_v4-0-29-11263\deploy\CounterPublisher\bin;bin_Win64;Shared;'
2018-06-07 15:35:55,174 [ 1] INFO  PhotonHostRuntime.PhotonDomainManager -   ConfigurationFile = 'D:\Photon\Photon-OnPremise-Server-SDK_v4-0-29-11263\deploy\CounterPublisher\bin\CounterPublisher.dll.config'
2018-06-07 15:35:55,184 [ 1] INFO  PhotonHostRuntime.PhotonDomainManager -   CachePath = 'D:\Photon\Photon-OnPremise-Server-SDK_v4-0-29-11263\deploy\CounterPublisher\bin\Cache'
2018-06-07 15:35:55,348 [ 1] INFO  PhotonHostRuntime.PhotonDomainManager -   ApplicationPath = 'D:\Photon\Photon-OnPremise-Server-SDK_v4-0-29-11263\deploy\CounterPublisher'
2018-06-07 15:35:55,354 [ 1] INFO  PhotonHostRuntime.PhotonDomainManager -   BinaryPath = 'D:\Photon\Photon-OnPremise-Server-SDK_v4-0-29-11263\deploy\CounterPublisher\bin'
2018-06-07 15:35:55,360 [ 1] INFO  PhotonHostRuntime.PhotonDomainManager -   ApplicationRootPath = 'D:\Photon\Photon-OnPremise-Server-SDK_v4-0-29-11263\deploy'
2018-06-07 15:35:55,371 [ 1] INFO  PhotonHostRuntime.PhotonDomainManager -   UnmanagedLogPath = 'D:\Photon\Photon-OnPremise-Server-SDK_v4-0-29-11263\deploy\bin_Win64\log'
2018-06-07 15:35:55,433 [ 1] INFO  PhotonHostRuntime.PhotonDomainManager - AssemblyLoadEvent: CounterPublisher, Version=4.0.28.11221, Culture=neutral, PublicKeyToken=null from file:///D:/Photon/Photon-OnPremise-Server-SDK_v4-0-29-11263/deploy/CounterPublisher/bin/CounterPublisher.DLL
2018-06-07 15:35:55,438 [ 1] INFO  PhotonHostRuntime.PhotonDomainManager - Photon SDK:4.0.28.11245
2018-06-07 15:35:55,519 [ 1] INFO  PhotonHostRuntime.PhotonDomainManager - AssemblyLoadEvent: Photon.SocketServer, Version=4.0.28.11245, Culture=neutral, PublicKeyToken=48c2fa3b6988090e from file:///D:/Photon/Photon-OnPremise-Server-SDK_v4-0-29-11263/deploy/CounterPublisher/bin/Photon.SocketServer.DLL
2018-06-07 15:35:55,586 [ 1] INFO  PhotonHostRuntime.PhotonDomainManager - AssemblyLoadEvent: ExitGamesLibs, Version=1.0.4.0, Culture=neutral, PublicKeyToken=eac0edd9746a4aa0 from file:///D:/Photon/Photon-OnPremise-Server-SDK_v4-0-29-11263/deploy/CounterPublisher/bin/ExitGamesLibs.DLL
2018-06-07 15:35:55,601 [ 1] INFO  PhotonHostRuntime.PhotonDomainManager - Starting: name = 'CounterPublisher', assemblyName = 'CounterPublisher', typeName = 'Photon.CounterPublisher.Application'
2018-06-07 15:35:55,664 [ 1] INFO  PhotonHostRuntime.PhotonDomainManager - PhotonRunning: ApplicationName = 'CounterPublisher', DomainId='4' -- calling Application.Setup
2018-06-07 15:35:55,693 [ 1] INFO  PhotonHostRuntime.PhotonDomainManager - AssemblyLoadEvent: ExitGames.Logging.Log4Net, Version=1.0.4.0, Culture=neutral, PublicKeyToken=eac0edd9746a4aa0 from file:///D:/Photon/Photon-OnPremise-Server-SDK_v4-0-29-11263/deploy/CounterPublisher/bin/ExitGames.Logging.Log4Net.DLL
2018-06-07 15:35:56,637 [ 1] INFO  PhotonHostRuntime.PhotonDomainManager - PhotonRunning: ApplicationName = 'Game', DomainId='3' -- calling Application.Setup
2018-06-07 15:35:56,663 [ 1] INFO  PhotonHostRuntime.PhotonDomainManager - AssemblyLoadEvent: ExitGames.Logging.Log4Net, Version=1.0.4.0, Culture=neutral, PublicKeyToken=eac0edd9746a4aa0 from file:///D:/Photon/Photon-OnPremise-Server-SDK_v4-0-29-11263/deploy/LoadBalancing/GameServer/bin/ExitGames.Logging.Log4Net.DLL
2018-06-07 15:35:57,696 [ 1] INFO  PhotonHostRuntime.PhotonDomainManager - AssemblyLoadEvent: PhotonHivePlugin, Version=1.0.15.11060, Culture=neutral, PublicKeyToken=null from file:///D:/Photon/Photon-OnPremise-Server-SDK_v4-0-29-11263/deploy/LoadBalancing/GameServer/bin/PhotonHivePlugin.DLL
2018-06-07 15:35:57,781 [ 1] INFO  PhotonHostRuntime.PhotonDomainManager - PhotonRunning: ApplicationName = 'Master', DomainId='2' -- calling Application.Setup
2018-06-07 15:35:57,835 [ 1] INFO  PhotonHostRuntime.PhotonDomainManager - AssemblyLoadEvent: Photon.Common, Version=4.0.28.11221, Culture=neutral, PublicKeyToken=null from file:///D:/Photon/Photon-OnPremise-Server-SDK_v4-0-29-11263/deploy/LoadBalancing/Master/bin/Photon.Common.DLL
2018-06-07 15:35:57,858 [ 1] INFO  PhotonHostRuntime.PhotonDomainManager - AssemblyLoadEvent: ExitGames.Logging.Log4Net, Version=1.0.4.0, Culture=neutral, PublicKeyToken=eac0edd9746a4aa0 from file:///D:/Photon/Photon-OnPremise-Server-SDK_v4-0-29-11263/deploy/LoadBalancing/Master/bin/ExitGames.Logging.Log4Net.DLL
2018-06-07 15:35:58,334 [ 1] INFO  PhotonHostRuntime.PhotonDomainManager - AssemblyLoadEvent: PhotonHive, Version=4.0.28.11221, Culture=neutral, PublicKeyToken=null from file:///D:/Photon/Photon-OnPremise-Server-SDK_v4-0-29-11263/deploy/LoadBalancing/Master/bin/PhotonHive.DLL
2018-06-07 15:35:58,424 [ 1] INFO  PhotonHostRuntime.PhotonDomainManager - AssemblyLoadEvent: ServiceStack.Redis, Version=3.9.71.0, Culture=neutral, PublicKeyToken=null from file:///D:/Photon/Photon-OnPremise-Server-SDK_v4-0-29-11263/deploy/LoadBalancing/Master/bin/ServiceStack.Redis.DLL
2018-06-07 15:35:58,468 [ 1] INFO  PhotonHostRuntime.PhotonDomainManager - AssemblyLoadEvent: ServiceStack.Interfaces, Version=1.0.0.0, Culture=neutral, PublicKeyToken=null from file:///D:/Photon/Photon-OnPremise-Server-SDK_v4-0-29-11263/deploy/LoadBalancing/Master/bin/ServiceStack.Interfaces.DLL
2018-06-07 15:35:58,508 [ 1] INFO  PhotonHostRuntime.PhotonDomainManager - AssemblyLoadEvent: System.Web, Version=4.0.0.0, Culture=neutral, PublicKeyToken=b03f5f7f11d50a3a from file:///C:/WINDOWS/Microsoft.Net/assembly/GAC_64/System.Web/v4.0_4.0.0.0__b03f5f7f11d50a3a/System.Web.dll
2018-06-07 15:35:58,625 [ 1] INFO  PhotonHostRuntime.PhotonDomainManager - PhotonRunning: ApplicationName = 'DefaultDomain', DomainId='1'
2018-06-07 15:35:58,698 [12] INFO  PhotonHostRuntime.PhotonDomainManager - AssemblyLoadEvent: PhotonHivePlugin, Version=1.0.15.11060, Culture=neutral, PublicKeyToken=null from file:///D:/Photon/Photon-OnPremise-Server-SDK_v4-0-29-11263/deploy/LoadBalancing/Master/bin/PhotonHivePlugin.DLL
2018-06-07 15:37:10,757 [14] INFO  PhotonHostRuntime.PhotonDomainManager - AssemblyLoadEvent: System.Web, Version=4.0.0.0, Culture=neutral, PublicKeyToken=b03f5f7f11d50a3a from file:///C:/WINDOWS/Microsoft.Net/assembly/GAC_64/System.Web/v4.0_4.0.0.0__b03f5f7f11d50a3a/System.Web.dll
2018-06-07 15:39:22,551 [ 1] INFO  PhotonHostRuntime.PhotonDomainManager - RequestStop: ApplicationName = 'CounterPublisher', DomainId='4' -- calling Application.OnStopRequested()
2018-06-07 15:39:22,567 [ 1] INFO  PhotonHostRuntime.PhotonDomainManager - RequestStop: ApplicationName = 'Game', DomainId='3' -- calling Application.OnStopRequested()
2018-06-07 15:39:22,614 [ 1] INFO  PhotonHostRuntime.PhotonDomainManager - RequestStop: ApplicationName = 'Master', DomainId='2' -- calling Application.OnStopRequested()
2018-06-07 15:39:22,614 [ 1] INFO  PhotonHostRuntime.PhotonDomainManager - RequestStop: ApplicationName = 'DefaultDomain', DomainId='1'
2018-06-07 15:39:22,629 [ 1] INFO  PhotonHostRuntime.PhotonDomainManager - Stop: ApplicationName = 'CounterPublisher', DomainId='4' -- calling Application.TearDown()
2018-06-07 15:39:22,629 [ 1] INFO  PhotonHostRuntime.PhotonDomainManager - Stop: ApplicationName = 'Game', DomainId='3' -- calling Application.TearDown()
2018-06-07 15:39:22,629 [ 1] INFO  PhotonHostRuntime.PhotonDomainManager - Stop: ApplicationName = 'Master', DomainId='2' -- calling Application.TearDown()
2018-06-07 15:39:52,080 [ 1] INFO  PhotonHostRuntime.PhotonDomainManager - Initialize: ApplicationName = 'DefaultDomain', DomainID = '1'
2018-06-07 15:39:52,119 [ 1] INFO  PhotonHostRuntime.PhotonDomainManager - AppDomains with unhandled exceptions are usually not unloaded and restarted.
2018-06-07 15:39:52,124 [ 1] INFO  PhotonHostRuntime.PhotonDomainManager - Getting license information:
2018-06-07 15:39:54,860 [ 1] INFO  PhotonHostRuntime.PhotonLicensing - LICENSE: Type:Standard; Plan:Free; Expiration: never; floating license: yes; max connections: 100; valid IPs: any; status:Licensed
2018-06-07 15:39:57,952 [ 1] INFO  PhotonHostRuntime.PhotonDomainManager - CreateAppDomain: name = 'Master' , assemblyName = 'Photon.LoadBalancing'
2018-06-07 15:39:57,991 [ 1] INFO  PhotonHostRuntime.PhotonDomainManager -   ApplicationBase = 'D:\Photon\Photon-OnPremise-Server-SDK_v4-0-29-11263\deploy'
2018-06-07 15:39:57,998 [ 1] INFO  PhotonHostRuntime.PhotonDomainManager -   PrivateBinPath = 'D:\Photon\Photon-OnPremise-Server-SDK_v4-0-29-11263\deploy\LoadBalancing\Master\bin;bin_Win64;Shared;'
2018-06-07 15:39:58,004 [ 1] INFO  PhotonHostRuntime.PhotonDomainManager -   ConfigurationFile = 'D:\Photon\Photon-OnPremise-Server-SDK_v4-0-29-11263\deploy\LoadBalancing\Master\bin\Photon.LoadBalancing.dll.config'
2018-06-07 15:39:58,011 [ 1] INFO  PhotonHostRuntime.PhotonDomainManager -   CachePath = 'D:\Photon\Photon-OnPremise-Server-SDK_v4-0-29-11263\deploy\LoadBalancing\Master\bin\Cache'
2018-06-07 15:39:59,285 [ 1] INFO  PhotonHostRuntime.PhotonDomainManager -   ApplicationPath = 'D:\Photon\Photon-OnPremise-Server-SDK_v4-0-29-11263\deploy\LoadBalancing\Master'
2018-06-07 15:39:59,285 [ 1] INFO  PhotonHostRuntime.PhotonDomainManager -   BinaryPath = 'D:\Photon\Photon-OnPremise-Server-SDK_v4-0-29-11263\deploy\LoadBalancing\Master\bin'
2018-06-07 15:39:59,300 [ 1] INFO  PhotonHostRuntime.PhotonDomainManager -   ApplicationRootPath = 'D:\Photon\Photon-OnPremise-Server-SDK_v4-0-29-11263\deploy'
2018-06-07 15:39:59,300 [ 1] INFO  PhotonHostRuntime.PhotonDomainManager -   UnmanagedLogPath = 'D:\Photon\Photon-OnPremise-Server-SDK_v4-0-29-11263\deploy\bin_Win64\log'
2018-06-07 15:39:59,966 [ 1] INFO  PhotonHostRuntime.PhotonDomainManager - AssemblyLoadEvent: Photon.LoadBalancing, Version=4.0.28.11221, Culture=neutral, PublicKeyToken=null from file:///D:/Photon/Photon-OnPremise-Server-SDK_v4-0-29-11263/deploy/LoadBalancing/Master/bin/Photon.LoadBalancing.DLL
2018-06-07 15:39:59,977 [ 1] INFO  PhotonHostRuntime.PhotonDomainManager - Photon SDK:4.0.28.11245
2018-06-07 15:40:00,596 [ 1] INFO  PhotonHostRuntime.PhotonDomainManager - AssemblyLoadEvent: Photon.SocketServer, Version=4.0.28.11245, Culture=neutral, PublicKeyToken=48c2fa3b6988090e from file:///D:/Photon/Photon-OnPremise-Server-SDK_v4-0-29-11263/deploy/LoadBalancing/Master/bin/Photon.SocketServer.DLL
2018-06-07 15:40:00,841 [ 1] INFO  PhotonHostRuntime.PhotonDomainManager - AssemblyLoadEvent: ExitGamesLibs, Version=1.0.4.0, Culture=neutral, PublicKeyToken=eac0edd9746a4aa0 from file:///D:/Photon/Photon-OnPremise-Server-SDK_v4-0-29-11263/deploy/LoadBalancing/Master/bin/ExitGamesLibs.DLL
2018-06-07 15:40:00,875 [ 1] INFO  PhotonHostRuntime.PhotonDomainManager - Starting: name = 'Master', assemblyName = 'Photon.LoadBalancing', typeName = 'Photon.LoadBalancing.MasterServer.MasterApplication'
2018-06-07 15:40:00,889 [ 1] INFO  PhotonHostRuntime.PhotonDomainManager - CreateAppDomain: name = 'Game' , assemblyName = 'Photon.LoadBalancing'
2018-06-07 15:40:00,919 [ 1] INFO  PhotonHostRuntime.PhotonDomainManager -   ApplicationBase = 'D:\Photon\Photon-OnPremise-Server-SDK_v4-0-29-11263\deploy'
2018-06-07 15:40:00,923 [ 1] INFO  PhotonHostRuntime.PhotonDomainManager -   PrivateBinPath = 'D:\Photon\Photon-OnPremise-Server-SDK_v4-0-29-11263\deploy\LoadBalancing\GameServer\bin;bin_Win64;Shared;'
2018-06-07 15:40:00,930 [ 1] INFO  PhotonHostRuntime.PhotonDomainManager -   ConfigurationFile = 'D:\Photon\Photon-OnPremise-Server-SDK_v4-0-29-11263\deploy\LoadBalancing\GameServer\bin\Photon.LoadBalancing.dll.config'
2018-06-07 15:40:00,938 [ 1] INFO  PhotonHostRuntime.PhotonDomainManager -   CachePath = 'D:\Photon\Photon-OnPremise-Server-SDK_v4-0-29-11263\deploy\LoadBalancing\GameServer\bin\Cache'
2018-06-07 15:40:01,730 [ 1] INFO  PhotonHostRuntime.PhotonDomainManager -   ApplicationPath = 'D:\Photon\Photon-OnPremise-Server-SDK_v4-0-29-11263\deploy\LoadBalancing\GameServer'
2018-06-07 15:40:01,746 [ 1] INFO  PhotonHostRuntime.PhotonDomainManager -   BinaryPath = 'D:\Photon\Photon-OnPremise-Server-SDK_v4-0-29-11263\deploy\LoadBalancing\GameServer\bin'
2018-06-07 15:40:01,746 [ 1] INFO  PhotonHostRuntime.PhotonDomainManager -   ApplicationRootPath = 'D:\Photon\Photon-OnPremise-Server-SDK_v4-0-29-11263\deploy'
2018-06-07 15:40:01,762 [ 1] INFO  PhotonHostRuntime.PhotonDomainManager -   UnmanagedLogPath = 'D:\Photon\Photon-OnPremise-Server-SDK_v4-0-29-11263\deploy\bin_Win64\log'
2018-06-07 15:40:02,152 [ 1] INFO  PhotonHostRuntime.PhotonDomainManager - AssemblyLoadEvent: Photon.LoadBalancing, Version=4.0.28.11221, Culture=neutral, PublicKeyToken=null from file:///D:/Photon/Photon-OnPremise-Server-SDK_v4-0-29-11263/deploy/LoadBalancing/GameServer/bin/Photon.LoadBalancing.DLL
2018-06-07 15:40:02,168 [ 1] INFO  PhotonHostRuntime.PhotonDomainManager - Photon SDK:4.0.28.11245
2018-06-07 15:40:02,465 [ 1] INFO  PhotonHostRuntime.PhotonDomainManager - AssemblyLoadEvent: Photon.SocketServer, Version=4.0.28.11245, Culture=neutral, PublicKeyToken=48c2fa3b6988090e from file:///D:/Photon/Photon-OnPremise-Server-SDK_v4-0-29-11263/deploy/LoadBalancing/GameServer/bin/Photon.SocketServer.DLL
2018-06-07 15:40:02,730 [ 1] INFO  PhotonHostRuntime.PhotonDomainManager - AssemblyLoadEvent: Photon.Common, Version=4.0.28.11221, Culture=neutral, PublicKeyToken=null from file:///D:/Photon/Photon-OnPremise-Server-SDK_v4-0-29-11263/deploy/LoadBalancing/GameServer/bin/Photon.Common.DLL
2018-06-07 15:40:02,996 [ 1] INFO  PhotonHostRuntime.PhotonDomainManager - AssemblyLoadEvent: ExitGamesLibs, Version=1.0.4.0, Culture=neutral, PublicKeyToken=eac0edd9746a4aa0 from file:///D:/Photon/Photon-OnPremise-Server-SDK_v4-0-29-11263/deploy/LoadBalancing/GameServer/bin/ExitGamesLibs.DLL
2018-06-07 15:40:03,152 [ 1] INFO  PhotonHostRuntime.PhotonDomainManager - AssemblyLoadEvent: PhotonHive, Version=4.0.28.11221, Culture=neutral, PublicKeyToken=null from file:///D:/Photon/Photon-OnPremise-Server-SDK_v4-0-29-11263/deploy/LoadBalancing/GameServer/bin/PhotonHive.DLL
2018-06-07 15:40:03,215 [ 1] INFO  PhotonHostRuntime.PhotonDomainManager - Starting: name = 'Game', assemblyName = 'Photon.LoadBalancing', typeName = 'Photon.LoadBalancing.GameServer.GameApplication'
2018-06-07 15:40:03,246 [ 1] INFO  PhotonHostRuntime.PhotonDomainManager - CreateAppDomain: name = 'CounterPublisher' , assemblyName = 'CounterPublisher'
2018-06-07 15:40:03,277 [ 1] INFO  PhotonHostRuntime.PhotonDomainManager -   ApplicationBase = 'D:\Photon\Photon-OnPremise-Server-SDK_v4-0-29-11263\deploy'
2018-06-07 15:40:03,293 [ 1] INFO  PhotonHostRuntime.PhotonDomainManager -   PrivateBinPath = 'D:\Photon\Photon-OnPremise-Server-SDK_v4-0-29-11263\deploy\CounterPublisher\bin;bin_Win64;Shared;'
2018-06-07 15:40:03,309 [ 1] INFO  PhotonHostRuntime.PhotonDomainManager -   ConfigurationFile = 'D:\Photon\Photon-OnPremise-Server-SDK_v4-0-29-11263\deploy\CounterPublisher\bin\CounterPublisher.dll.config'
2018-06-07 15:40:03,324 [ 1] INFO  PhotonHostRuntime.PhotonDomainManager -   CachePath = 'D:\Photon\Photon-OnPremise-Server-SDK_v4-0-29-11263\deploy\CounterPublisher\bin\Cache'
2018-06-07 15:40:03,746 [ 1] INFO  PhotonHostRuntime.PhotonDomainManager -   ApplicationPath = 'D:\Photon\Photon-OnPremise-Server-SDK_v4-0-29-11263\deploy\CounterPublisher'
2018-06-07 15:40:03,746 [ 1] INFO  PhotonHostRuntime.PhotonDomainManager -   BinaryPath = 'D:\Photon\Photon-OnPremise-Server-SDK_v4-0-29-11263\deploy\CounterPublisher\bin'
2018-06-07 15:40:03,746 [ 1] INFO  PhotonHostRuntime.PhotonDomainManager -   ApplicationRootPath = 'D:\Photon\Photon-OnPremise-Server-SDK_v4-0-29-11263\deploy'
2018-06-07 15:40:03,762 [ 1] INFO  PhotonHostRuntime.PhotonDomainManager -   UnmanagedLogPath = 'D:\Photon\Photon-OnPremise-Server-SDK_v4-0-29-11263\deploy\bin_Win64\log'
2018-06-07 15:40:03,855 [ 1] INFO  PhotonHostRuntime.PhotonDomainManager - AssemblyLoadEvent: CounterPublisher, Version=4.0.28.11221, Culture=neutral, PublicKeyToken=null from file:///D:/Photon/Photon-OnPremise-Server-SDK_v4-0-29-11263/deploy/CounterPublisher/bin/CounterPublisher.DLL
2018-06-07 15:40:03,871 [ 1] INFO  PhotonHostRuntime.PhotonDomainManager - Photon SDK:4.0.28.11245
2018-06-07 15:40:04,027 [ 1] INFO  PhotonHostRuntime.PhotonDomainManager - AssemblyLoadEvent: Photon.SocketServer, Version=4.0.28.11245, Culture=neutral, PublicKeyToken=48c2fa3b6988090e from file:///D:/Photon/Photon-OnPremise-Server-SDK_v4-0-29-11263/deploy/CounterPublisher/bin/Photon.SocketServer.DLL
2018-06-07 15:40:04,230 [ 1] INFO  PhotonHostRuntime.PhotonDomainManager - AssemblyLoadEvent: ExitGamesLibs, Version=1.0.4.0, Culture=neutral, PublicKeyToken=eac0edd9746a4aa0 from file:///D:/Photon/Photon-OnPremise-Server-SDK_v4-0-29-11263/deploy/CounterPublisher/bin/ExitGamesLibs.DLL
2018-06-07 15:40:04,230 [ 1] INFO  PhotonHostRuntime.PhotonDomainManager - Starting: name = 'CounterPublisher', assemblyName = 'CounterPublisher', typeName = 'Photon.CounterPublisher.Application'
2018-06-07 15:40:04,402 [ 1] INFO  PhotonHostRuntime.PhotonDomainManager - PhotonRunning: ApplicationName = 'CounterPublisher', DomainId='4' -- calling Application.Setup
2018-06-07 15:40:04,559 [ 1] INFO  PhotonHostRuntime.PhotonDomainManager - AssemblyLoadEvent: ExitGames.Logging.Log4Net, Version=1.0.4.0, Culture=neutral, PublicKeyToken=eac0edd9746a4aa0 from file:///D:/Photon/Photon-OnPremise-Server-SDK_v4-0-29-11263/deploy/CounterPublisher/bin/ExitGames.Logging.Log4Net.DLL
2018-06-07 15:40:08,746 [ 1] INFO  PhotonHostRuntime.PhotonDomainManager - PhotonRunning: ApplicationName = 'Game', DomainId='3' -- calling Application.Setup
2018-06-07 15:40:08,824 [ 1] INFO  PhotonHostRuntime.PhotonDomainManager - AssemblyLoadEvent: ExitGames.Logging.Log4Net, Version=1.0.4.0, Culture=neutral, PublicKeyToken=eac0edd9746a4aa0 from file:///D:/Photon/Photon-OnPremise-Server-SDK_v4-0-29-11263/deploy/LoadBalancing/GameServer/bin/ExitGames.Logging.Log4Net.DLL
2018-06-07 15:40:09,856 [ 1] INFO  PhotonHostRuntime.PhotonDomainManager - AssemblyLoadEvent: PhotonHivePlugin, Version=1.0.15.11060, Culture=neutral, PublicKeyToken=null from file:///D:/Photon/Photon-OnPremise-Server-SDK_v4-0-29-11263/deploy/LoadBalancing/GameServer/bin/PhotonHivePlugin.DLL
2018-06-07 15:40:09,934 [ 1] INFO  PhotonHostRuntime.PhotonDomainManager - PhotonRunning: ApplicationName = 'Master', DomainId='2' -- calling Application.Setup
2018-06-07 15:40:10,090 [ 1] INFO  PhotonHostRuntime.PhotonDomainManager - AssemblyLoadEvent: Photon.Common, Version=4.0.28.11221, Culture=neutral, PublicKeyToken=null from file:///D:/Photon/Photon-OnPremise-Server-SDK_v4-0-29-11263/deploy/LoadBalancing/Master/bin/Photon.Common.DLL
2018-06-07 15:40:10,121 [ 1] INFO  PhotonHostRuntime.PhotonDomainManager - AssemblyLoadEvent: ExitGames.Logging.Log4Net, Version=1.0.4.0, Culture=neutral, PublicKeyToken=eac0edd9746a4aa0 from file:///D:/Photon/Photon-OnPremise-Server-SDK_v4-0-29-11263/deploy/LoadBalancing/Master/bin/ExitGames.Logging.Log4Net.DLL
2018-06-07 15:40:10,871 [ 1] INFO  PhotonHostRuntime.PhotonDomainManager - AssemblyLoadEvent: PhotonHive, Version=4.0.28.11221, Culture=neutral, PublicKeyToken=null from file:///D:/Photon/Photon-OnPremise-Server-SDK_v4-0-29-11263/deploy/LoadBalancing/Master/bin/PhotonHive.DLL
2018-06-07 15:40:12,840 [ 1] INFO  PhotonHostRuntime.PhotonDomainManager - AssemblyLoadEvent: ServiceStack.Redis, Version=3.9.71.0, Culture=neutral, PublicKeyToken=null from file:///D:/Photon/Photon-OnPremise-Server-SDK_v4-0-29-11263/deploy/LoadBalancing/Master/bin/ServiceStack.Redis.DLL
2018-06-07 15:40:13,074 [ 1] INFO  PhotonHostRuntime.PhotonDomainManager - AssemblyLoadEvent: ServiceStack.Interfaces, Version=1.0.0.0, Culture=neutral, PublicKeyToken=null from file:///D:/Photon/Photon-OnPremise-Server-SDK_v4-0-29-11263/deploy/LoadBalancing/Master/bin/ServiceStack.Interfaces.DLL
2018-06-07 15:40:13,152 [ 1] INFO  PhotonHostRuntime.PhotonDomainManager - AssemblyLoadEvent: System.Web, Version=4.0.0.0, Culture=neutral, PublicKeyToken=b03f5f7f11d50a3a from file:///C:/WINDOWS/Microsoft.Net/assembly/GAC_64/System.Web/v4.0_4.0.0.0__b03f5f7f11d50a3a/System.Web.dll
2018-06-07 15:40:13,387 [ 1] INFO  PhotonHostRuntime.PhotonDomainManager - PhotonRunning: ApplicationName = 'DefaultDomain', DomainId='1'
2018-06-07 15:40:13,606 [10] INFO  PhotonHostRuntime.PhotonDomainManager - AssemblyLoadEvent: PhotonHivePlugin, Version=1.0.15.11060, Culture=neutral, PublicKeyToken=null from file:///D:/Photon/Photon-OnPremise-Server-SDK_v4-0-29-11263/deploy/LoadBalancing/Master/bin/PhotonHivePlugin.DLL
